Determining if the pthread_create exist failed with the following output:
Change Dir: /home/pengchang/IAEA_workspace/build/CMakeFiles/CMakeTmp

Run Build Command:/usr/bin/make "cmTryCompileExec3608983342/fast"
/usr/bin/make -f CMakeFiles/cmTryCompileExec3608983342.dir/build.make CMakeFiles/cmTryCompileExec3608983342.dir/build
make[1]: Entering directory `/home/pengchang/IAEA_workspace/build/CMakeFiles/CMakeTmp'
/usr/bin/cmake -E cmake_progress_report /home/pengchang/IAEA_workspace/build/CMakeFiles/CMakeTmp/CMakeFiles 1
Building C object CMakeFiles/cmTryCompileExec3608983342.dir/CheckSymbolExists.c.o
/usr/bin/cc    -o CMakeFiles/cmTryCompileExec3608983342.dir/CheckSymbolExists.c.o   -c /home/pengchang/IAEA_workspace/build/CMakeFiles/CMakeTmp/CheckSymbolExists.c
Linking C executable cmTryCompileExec3608983342
/usr/bin/cmake -E cmake_link_script CMakeFiles/cmTryCompileExec3608983342.dir/link.txt --verbose=1
/usr/bin/cc       CMakeFiles/cmTryCompileExec3608983342.dir/CheckSymbolExists.c.o  -o cmTryCompileExec3608983342 -rdynamic 
CMakeFiles/cmTryCompileExec3608983342.dir/CheckSymbolExists.c.o: In function `main':
CheckSymbolExists.c:(.text+0x16): undefined reference to `pthread_create'
collect2: error: ld returned 1 exit status
make[1]: *** [cmTryCompileExec3608983342] Error 1
make[1]: Leaving directory `/home/pengchang/IAEA_workspace/build/CMakeFiles/CMakeTmp'
make: *** [cmTryCompileExec3608983342/fast] Error 2

File /home/pengchang/IAEA_workspace/build/CMakeFiles/CMakeTmp/CheckSymbolExists.c:
/* */
#include <pthread.h>

int main(int argc, char** argv)
{
  (void)argv;
#ifndef pthread_create
  return ((int*)(&pthread_create))[argc];
#else
  (void)argc;
  return 0;
#endif
}

Determining if the function pthread_create exists in the pthreads failed with the following output:
Change Dir: /home/pengchang/IAEA_workspace/build/CMakeFiles/CMakeTmp

Run Build Command:/usr/bin/make "cmTryCompileExec259677741/fast"
/usr/bin/make -f CMakeFiles/cmTryCompileExec259677741.dir/build.make CMakeFiles/cmTryCompileExec259677741.dir/build
make[1]: Entering directory `/home/pengchang/IAEA_workspace/build/CMakeFiles/CMakeTmp'
/usr/bin/cmake -E cmake_progress_report /home/pengchang/IAEA_workspace/build/CMakeFiles/CMakeTmp/CMakeFiles 1
Building C object CMakeFiles/cmTryCompileExec259677741.dir/CheckFunctionExists.c.o
/usr/bin/cc   -DCHECK_FUNCTION_EXISTS=pthread_create   -o CMakeFiles/cmTryCompileExec259677741.dir/CheckFunctionExists.c.o   -c /usr/share/cmake-2.8/Modules/CheckFunctionExists.c
Linking C executable cmTryCompileExec259677741
/usr/bin/cmake -E cmake_link_script CMakeFiles/cmTryCompileExec259677741.dir/link.txt --verbose=1
/usr/bin/cc   -DCHECK_FUNCTION_EXISTS=pthread_create    CMakeFiles/cmTryCompileExec259677741.dir/CheckFunctionExists.c.o  -o cmTryCompileExec259677741 -rdynamic -lpthreads 
/usr/bin/ld: cannot find -lpthreads
collect2: error: ld returned 1 exit status
make[1]: Leaving directory `/home/pengchang/IAEA_workspace/build/CMakeFiles/CMakeTmp'
make[1]: *** [cmTryCompileExec259677741] Error 1
make: *** [cmTryCompileExec259677741/fast] Error 2


